<?xml version="1.0" encoding="UTF-8"?>
<coverage generated="1745021457024" clover="3.2.0">
  <project timestamp="1745021457025" name="All files">
    <metrics statements="54" coveredstatements="17" conditionals="12" coveredconditionals="6" methods="19" coveredmethods="2" elements="85" coveredelements="25" complexity="0" loc="54" ncloc="54" packages="5" files="5" classes="5"/>
    <package name="application.controllers">
      <metrics statements="20" coveredstatements="7" conditionals="12" coveredconditionals="6" methods="7" coveredmethods="2"/>
      <file name="inventoryController.js" path="D:\Especializacion\Primer_Semestre\ConstruccionSoftware\inventory-service\src\application\controllers\inventoryController.js">
        <metrics statements="20" coveredstatements="7" conditionals="12" coveredconditionals="6" methods="7" coveredmethods="2"/>
        <line num="1" count="1" type="stmt"/>
        <line num="2" count="1" type="stmt"/>
        <line num="6" count="7" type="stmt"/>
        <line num="10" count="0" type="cond" truecount="0" falsecount="6"/>
        <line num="11" count="0" type="stmt"/>
        <line num="17" count="0" type="stmt"/>
        <line num="18" count="0" type="stmt"/>
        <line num="19" count="0" type="stmt"/>
        <line num="24" count="0" type="stmt"/>
        <line num="25" count="0" type="stmt"/>
        <line num="30" count="0" type="stmt"/>
        <line num="34" count="6" type="cond" truecount="6" falsecount="0"/>
        <line num="35" count="3" type="stmt"/>
        <line num="40" count="3" type="stmt"/>
        <line num="42" count="0" type="stmt"/>
        <line num="43" count="0" type="stmt"/>
        <line num="48" count="0" type="stmt"/>
        <line num="49" count="0" type="stmt"/>
        <line num="53" count="0" type="stmt"/>
        <line num="58" count="1" type="stmt"/>
      </file>
    </package>
    <package name="application.services">
      <metrics statements="21" coveredstatements="3" conditionals="0" coveredconditionals="0" methods="9" coveredmethods="0"/>
      <file name="inventoryService.js" path="D:\Especializacion\Primer_Semestre\ConstruccionSoftware\inventory-service\src\application\services\inventoryService.js">
        <metrics statements="21" coveredstatements="3" conditionals="0" coveredconditionals="0" methods="9" coveredmethods="0"/>
        <line num="1" count="1" type="stmt"/>
        <line num="2" count="1" type="stmt"/>
        <line num="10" count="0" type="stmt"/>
        <line num="14" count="0" type="stmt"/>
        <line num="16" count="0" type="stmt"/>
        <line num="17" count="0" type="stmt"/>
        <line num="18" count="0" type="stmt"/>
        <line num="20" count="0" type="stmt"/>
        <line num="22" count="0" type="stmt"/>
        <line num="24" count="0" type="stmt"/>
        <line num="28" count="0" type="stmt"/>
        <line num="29" count="0" type="stmt"/>
        <line num="30" count="0" type="stmt"/>
        <line num="31" count="0" type="stmt"/>
        <line num="32" count="0" type="stmt"/>
        <line num="33" count="0" type="stmt"/>
        <line num="35" count="0" type="stmt"/>
        <line num="36" count="0" type="stmt"/>
        <line num="39" count="0" type="stmt"/>
        <line num="43" count="0" type="stmt"/>
        <line num="48" count="1" type="stmt"/>
      </file>
    </package>
    <package name="domain.entities">
      <metrics statements="5" coveredstatements="1" conditionals="0" coveredconditionals="0" methods="1" coveredmethods="0"/>
      <file name="inventory.js" path="D:\Especializacion\Primer_Semestre\ConstruccionSoftware\inventory-service\src\domain\entities\inventory.js">
        <metrics statements="5" coveredstatements="1" conditionals="0" coveredconditionals="0" methods="1" coveredmethods="0"/>
        <line num="9" count="0" type="stmt"/>
        <line num="10" count="0" type="stmt"/>
        <line num="11" count="0" type="stmt"/>
        <line num="12" count="0" type="stmt"/>
        <line num="17" count="1" type="stmt"/>
      </file>
    </package>
    <package name="domain.repositories">
      <metrics statements="4" coveredstatements="2" conditionals="0" coveredconditionals="0" methods="2" coveredmethods="0"/>
      <file name="inventoryRepository.js" path="D:\Especializacion\Primer_Semestre\ConstruccionSoftware\inventory-service\src\domain\repositories\inventoryRepository.js">
        <metrics statements="4" coveredstatements="2" conditionals="0" coveredconditionals="0" methods="2" coveredmethods="0"/>
        <line num="1" count="1" type="stmt"/>
        <line num="6" count="0" type="stmt"/>
        <line num="11" count="0" type="stmt"/>
        <line num="19" count="1" type="stmt"/>
      </file>
    </package>
    <package name="infraestructure.persistence">
      <metrics statements="4" coveredstatements="4" conditionals="0" coveredconditionals="0" methods="0" coveredmethods="0"/>
      <file name="Inventory.js" path="D:\Especializacion\Primer_Semestre\ConstruccionSoftware\inventory-service\src\infraestructure\persistence\Inventory.js">
        <metrics statements="4" coveredstatements="4" conditionals="0" coveredconditionals="0" methods="0" coveredmethods="0"/>
        <line num="1" count="1" type="stmt"/>
        <line num="3" count="1" type="stmt"/>
        <line num="10" count="1" type="stmt"/>
        <line num="11" count="1" type="stmt"/>
      </file>
    </package>
  </project>
</coverage>
