<?xml version="1.0" encoding="UTF-8"?>
<coverage generated="1745039282128" clover="3.2.0">
  <project timestamp="1745039282128" name="All files">
    <metrics statements="129" coveredstatements="108" conditionals="18" coveredconditionals="15" methods="49" coveredmethods="38" elements="196" coveredelements="161" complexity="0" loc="129" ncloc="129" packages="5" files="15" classes="15"/>
    <package name="application.controllers">
      <metrics statements="43" coveredstatements="33" conditionals="18" coveredconditionals="15" methods="15" coveredmethods="10"/>
      <file name="inventoryController.js" path="D:\Especializacion\Primer_Semestre\ConstruccionSoftware\inventory-service\src\application\controllers\inventoryController.js">
        <metrics statements="20" coveredstatements="12" conditionals="12" coveredconditionals="9" methods="7" coveredmethods="4"/>
        <line num="1" count="1" type="stmt"/>
        <line num="2" count="1" type="stmt"/>
        <line num="6" count="5" type="stmt"/>
        <line num="10" count="2" type="cond" truecount="6" falsecount="0"/>
        <line num="11" count="1" type="stmt"/>
        <line num="17" count="1" type="stmt"/>
        <line num="18" count="1" type="stmt"/>
        <line num="19" count="1" type="stmt"/>
        <line num="24" count="0" type="stmt"/>
        <line num="25" count="0" type="stmt"/>
        <line num="30" count="1" type="stmt"/>
        <line num="34" count="1" type="cond" truecount="3" falsecount="3"/>
        <line num="35" count="1" type="stmt"/>
        <line num="40" count="0" type="stmt"/>
        <line num="42" count="0" type="stmt"/>
        <line num="43" count="0" type="stmt"/>
        <line num="48" count="0" type="stmt"/>
        <line num="49" count="0" type="stmt"/>
        <line num="53" count="0" type="stmt"/>
        <line num="58" count="1" type="stmt"/>
      </file>
      <file name="recipeController.js" path="D:\Especializacion\Primer_Semestre\ConstruccionSoftware\inventory-service\src\application\controllers\recipeController.js">
        <metrics statements="23" coveredstatements="21" conditionals="6" coveredconditionals="6" methods="8" coveredmethods="6"/>
        <line num="1" count="1" type="stmt"/>
        <line num="2" count="1" type="stmt"/>
        <line num="3" count="1" type="stmt"/>
        <line num="8" count="4" type="stmt"/>
        <line num="12" count="2" type="cond" truecount="6" falsecount="0"/>
        <line num="13" count="1" type="stmt"/>
        <line num="19" count="1" type="stmt"/>
        <line num="21" count="1" type="stmt"/>
        <line num="22" count="1" type="stmt"/>
        <line num="27" count="1" type="stmt"/>
        <line num="28" count="0" type="stmt"/>
        <line num="29" count="0" type="stmt"/>
        <line num="30" count="1" type="stmt"/>
        <line num="34" count="2" type="stmt"/>
        <line num="35" count="2" type="stmt"/>
        <line num="36" count="2" type="stmt"/>
        <line num="37" count="2" type="stmt"/>
        <line num="40" count="1" type="stmt"/>
        <line num="42" count="1" type="stmt"/>
        <line num="43" count="1" type="stmt"/>
        <line num="44" count="1" type="stmt"/>
        <line num="46" count="2" type="stmt"/>
        <line num="50" count="1" type="stmt"/>
      </file>
    </package>
    <package name="application.services">
      <metrics statements="41" coveredstatements="30" conditionals="0" coveredconditionals="0" methods="22" coveredmethods="17"/>
      <file name="ingredientService.js" path="D:\Especializacion\Primer_Semestre\ConstruccionSoftware\inventory-service\src\application\services\ingredientService.js">
        <metrics statements="11" coveredstatements="9" conditionals="0" coveredconditionals="0" methods="7" coveredmethods="5"/>
        <line num="1" count="1" type="stmt"/>
        <line num="8" count="4" type="stmt"/>
        <line num="12" count="2" type="stmt"/>
        <line num="14" count="2" type="stmt"/>
        <line num="17" count="0" type="stmt"/>
        <line num="19" count="2" type="stmt"/>
        <line num="23" count="2" type="stmt"/>
        <line num="25" count="2" type="stmt"/>
        <line num="28" count="0" type="stmt"/>
        <line num="30" count="2" type="stmt"/>
        <line num="34" count="1" type="stmt"/>
      </file>
      <file name="inventoryService.js" path="D:\Especializacion\Primer_Semestre\ConstruccionSoftware\inventory-service\src\application\services\inventoryService.js">
        <metrics statements="21" coveredstatements="12" conditionals="0" coveredconditionals="0" methods="9" coveredmethods="6"/>
        <line num="1" count="2" type="stmt"/>
        <line num="2" count="2" type="stmt"/>
        <line num="10" count="5" type="stmt"/>
        <line num="14" count="2" type="stmt"/>
        <line num="16" count="1" type="stmt"/>
        <line num="17" count="1" type="stmt"/>
        <line num="18" count="2" type="stmt"/>
        <line num="20" count="1" type="stmt"/>
        <line num="22" count="1" type="stmt"/>
        <line num="24" count="2" type="stmt"/>
        <line num="28" count="0" type="stmt"/>
        <line num="29" count="0" type="stmt"/>
        <line num="30" count="0" type="stmt"/>
        <line num="31" count="0" type="stmt"/>
        <line num="32" count="0" type="stmt"/>
        <line num="33" count="0" type="stmt"/>
        <line num="35" count="0" type="stmt"/>
        <line num="36" count="0" type="stmt"/>
        <line num="39" count="0" type="stmt"/>
        <line num="43" count="3" type="stmt"/>
        <line num="48" count="2" type="stmt"/>
      </file>
      <file name="recipeService.js" path="D:\Especializacion\Primer_Semestre\ConstruccionSoftware\inventory-service\src\application\services\recipeService.js">
        <metrics statements="9" coveredstatements="9" conditionals="0" coveredconditionals="0" methods="6" coveredmethods="6"/>
        <line num="1" count="2" type="stmt"/>
        <line num="2" count="2" type="stmt"/>
        <line num="7" count="4" type="stmt"/>
        <line num="11" count="1" type="stmt"/>
        <line num="15" count="3" type="stmt"/>
        <line num="17" count="2" type="stmt"/>
        <line num="19" count="1" type="stmt"/>
        <line num="20" count="1" type="stmt"/>
        <line num="25" count="2" type="stmt"/>
      </file>
    </package>
    <package name="domain.entities">
      <metrics statements="13" coveredstatements="13" conditionals="0" coveredconditionals="0" methods="3" coveredmethods="3"/>
      <file name="ingredient.js" path="D:\Especializacion\Primer_Semestre\ConstruccionSoftware\inventory-service\src\domain\entities\ingredient.js">
        <metrics statements="4" coveredstatements="4" conditionals="0" coveredconditionals="0" methods="1" coveredmethods="1"/>
        <line num="8" count="2" type="stmt"/>
        <line num="9" count="2" type="stmt"/>
        <line num="10" count="2" type="stmt"/>
        <line num="14" count="1" type="stmt"/>
      </file>
      <file name="inventory.js" path="D:\Especializacion\Primer_Semestre\ConstruccionSoftware\inventory-service\src\domain\entities\inventory.js">
        <metrics statements="5" coveredstatements="5" conditionals="0" coveredconditionals="0" methods="1" coveredmethods="1"/>
        <line num="9" count="3" type="stmt"/>
        <line num="10" count="3" type="stmt"/>
        <line num="11" count="3" type="stmt"/>
        <line num="12" count="3" type="stmt"/>
        <line num="17" count="3" type="stmt"/>
      </file>
      <file name="recipe.js" path="D:\Especializacion\Primer_Semestre\ConstruccionSoftware\inventory-service\src\domain\entities\recipe.js">
        <metrics statements="4" coveredstatements="4" conditionals="0" coveredconditionals="0" methods="1" coveredmethods="1"/>
        <line num="8" count="3" type="stmt"/>
        <line num="9" count="3" type="stmt"/>
        <line num="10" count="3" type="stmt"/>
        <line num="14" count="3" type="stmt"/>
      </file>
    </package>
    <package name="domain.repositories">
      <metrics statements="14" coveredstatements="14" conditionals="0" coveredconditionals="0" methods="7" coveredmethods="6"/>
      <file name="ingredientRepository.js" path="D:\Especializacion\Primer_Semestre\ConstruccionSoftware\inventory-service\src\domain\repositories\ingredientRepository.js">
        <metrics statements="4" coveredstatements="4" conditionals="0" coveredconditionals="0" methods="2" coveredmethods="2"/>
        <line num="1" count="2" type="stmt"/>
        <line num="6" count="1" type="stmt"/>
        <line num="10" count="1" type="stmt"/>
        <line num="15" count="2" type="stmt"/>
      </file>
      <file name="inventoryRepository.js" path="D:\Especializacion\Primer_Semestre\ConstruccionSoftware\inventory-service\src\domain\repositories\inventoryRepository.js">
        <metrics statements="4" coveredstatements="4" conditionals="0" coveredconditionals="0" methods="2" coveredmethods="2"/>
        <line num="1" count="3" type="stmt"/>
        <line num="6" count="1" type="stmt"/>
        <line num="11" count="1" type="stmt"/>
        <line num="19" count="3" type="stmt"/>
      </file>
      <file name="recipeRepository.js" path="D:\Especializacion\Primer_Semestre\ConstruccionSoftware\inventory-service\src\domain\repositories\recipeRepository.js">
        <metrics statements="6" coveredstatements="6" conditionals="0" coveredconditionals="0" methods="3" coveredmethods="2"/>
        <line num="1" count="3" type="stmt"/>
        <line num="6" count="2" type="stmt"/>
        <line num="7" count="2" type="stmt"/>
        <line num="12" count="2" type="stmt"/>
        <line num="16" count="1" type="stmt"/>
        <line num="20" count="3" type="stmt"/>
      </file>
    </package>
    <package name="infraestructure.persistence">
      <metrics statements="18" coveredstatements="18" conditionals="0" coveredconditionals="0" methods="2" coveredmethods="2"/>
      <file name="Ingredient.js" path="D:\Especializacion\Primer_Semestre\ConstruccionSoftware\inventory-service\src\infraestructure\persistence\Ingredient.js">
        <metrics statements="4" coveredstatements="4" conditionals="0" coveredconditionals="0" methods="0" coveredmethods="0"/>
        <line num="1" count="3" type="stmt"/>
        <line num="3" count="3" type="stmt"/>
        <line num="9" count="3" type="stmt"/>
        <line num="10" count="3" type="stmt"/>
      </file>
      <file name="Inventory.js" path="D:\Especializacion\Primer_Semestre\ConstruccionSoftware\inventory-service\src\infraestructure\persistence\Inventory.js">
        <metrics statements="4" coveredstatements="4" conditionals="0" coveredconditionals="0" methods="0" coveredmethods="0"/>
        <line num="1" count="4" type="stmt"/>
        <line num="3" count="4" type="stmt"/>
        <line num="10" count="4" type="stmt"/>
        <line num="11" count="4" type="stmt"/>
      </file>
      <file name="Recipe.js" path="D:\Especializacion\Primer_Semestre\ConstruccionSoftware\inventory-service\src\infraestructure\persistence\Recipe.js">
        <metrics statements="4" coveredstatements="4" conditionals="0" coveredconditionals="0" methods="0" coveredmethods="0"/>
        <line num="1" count="4" type="stmt"/>
        <line num="3" count="4" type="stmt"/>
        <line num="15" count="4" type="stmt"/>
        <line num="16" count="4" type="stmt"/>
      </file>
      <file name="mongodb.js" path="D:\Especializacion\Primer_Semestre\ConstruccionSoftware\inventory-service\src\infraestructure\persistence\mongodb.js">
        <metrics statements="6" coveredstatements="6" conditionals="0" coveredconditionals="0" methods="2" coveredmethods="2"/>
        <line num="1" count="3" type="stmt"/>
        <line num="2" count="3" type="stmt"/>
        <line num="3" count="3" type="stmt"/>
        <line num="5" count="2" type="stmt"/>
        <line num="6" count="1" type="stmt"/>
        <line num="9" count="3" type="stmt"/>
      </file>
    </package>
  </project>
</coverage>
