{"D:\\Especializacion\\Primer_Semestre\\ConstruccionSoftware\\inventory-service\\src\\application\\controllers\\inventoryController.js": {"path":"D:\\Especializacion\\Primer_Semestre\\ConstruccionSoftware\\inventory-service\\src\\application\\controllers\\inventoryController.js","statementMap":{"0":{"start":{"line":1,"column":51},"end":{"line":1,"column":91}},"1":{"start":{"line":2,"column":25},"end":{"line":2,"column":79}},"2":{"start":{"line":6,"column":8},"end":{"line":6,"column":55}},"3":{"start":{"line":10,"column":8},"end":{"line":15,"column":9}},"4":{"start":{"line":11,"column":12},"end":{"line":14,"column":15}},"5":{"start":{"line":17,"column":8},"end":{"line":17,"column":74}},"6":{"start":{"line":18,"column":24},"end":{"line":28,"column":14}},"7":{"start":{"line":19,"column":27},"end":{"line":19,"column":51}},"8":{"start":{"line":19,"column":52},"end":{"line":22,"column":13}},"9":{"start":{"line":24,"column":16},"end":{"line":24,"column":33}},"10":{"start":{"line":25,"column":16},"end":{"line":27,"column":17}},"11":{"start":{"line":30,"column":8},"end":{"line":30,"column":53}},"12":{"start":{"line":34,"column":8},"end":{"line":39,"column":9}},"13":{"start":{"line":35,"column":12},"end":{"line":38,"column":15}},"14":{"start":{"line":40,"column":22},"end":{"line":52,"column":13}},"15":{"start":{"line":42,"column":16},"end":{"line":42,"column":40}},"16":{"start":{"line":43,"column":16},"end":{"line":46,"column":8}},"17":{"start":{"line":48,"column":15},"end":{"line":48,"column":32}},"18":{"start":{"line":49,"column":15},"end":{"line":51,"column":16}},"19":{"start":{"line":53,"column":7},"end":{"line":53,"column":54}},"20":{"start":{"line":58,"column":0},"end":{"line":58,"column":41}}},"fnMap":{"0":{"name":"(anonymous_0)","decl":{"start":{"line":5,"column":4},"end":{"line":5,"column":5}},"loc":{"start":{"line":5,"column":18},"end":{"line":7,"column":5}},"line":5},"1":{"name":"(anonymous_1)","decl":{"start":{"line":9,"column":5},"end":{"line":9,"column":6}},"loc":{"start":{"line":9,"column":43},"end":{"line":31,"column":5}},"line":9},"2":{"name":"(anonymous_2)","decl":{"start":{"line":19,"column":18},"end":{"line":19,"column":19}},"loc":{"start":{"line":19,"column":25},"end":{"line":22,"column":15}},"line":19},"3":{"name":"(anonymous_3)","decl":{"start":{"line":23,"column":19},"end":{"line":23,"column":20}},"loc":{"start":{"line":23,"column":26},"end":{"line":28,"column":13}},"line":23},"4":{"name":"(anonymous_4)","decl":{"start":{"line":33,"column":3},"end":{"line":33,"column":4}},"loc":{"start":{"line":33,"column":29},"end":{"line":55,"column":5}},"line":33},"5":{"name":"(anonymous_5)","decl":{"start":{"line":41,"column":18},"end":{"line":41,"column":19}},"loc":{"start":{"line":41,"column":25},"end":{"line":46,"column":10}},"line":41},"6":{"name":"(anonymous_6)","decl":{"start":{"line":47,"column":18},"end":{"line":47,"column":19}},"loc":{"start":{"line":47,"column":25},"end":{"line":52,"column":12}},"line":47}},"branchMap":{"0":{"loc":{"start":{"line":10,"column":8},"end":{"line":15,"column":9}},"type":"if","locations":[{"start":{"line":10,"column":8},"end":{"line":15,"column":9}},{"start":{},"end":{}}],"line":10},"1":{"loc":{"start":{"line":10,"column":12},"end":{"line":10,"column":89}},"type":"binary-expr","locations":[{"start":{"line":10,"column":12},"end":{"line":10,"column":21}},{"start":{"line":10,"column":25},"end":{"line":10,"column":39}},{"start":{"line":10,"column":43},"end":{"line":10,"column":64}},{"start":{"line":10,"column":68},"end":{"line":10,"column":89}}],"line":10},"2":{"loc":{"start":{"line":34,"column":8},"end":{"line":39,"column":9}},"type":"if","locations":[{"start":{"line":34,"column":8},"end":{"line":39,"column":9}},{"start":{},"end":{}}],"line":34},"3":{"loc":{"start":{"line":34,"column":12},"end":{"line":34,"column":89}},"type":"binary-expr","locations":[{"start":{"line":34,"column":12},"end":{"line":34,"column":21}},{"start":{"line":34,"column":25},"end":{"line":34,"column":39}},{"start":{"line":34,"column":43},"end":{"line":34,"column":64}},{"start":{"line":34,"column":68},"end":{"line":34,"column":89}}],"line":34}},"s":{"0":1,"1":1,"2":7,"3":0,"4":0,"5":0,"6":0,"7":0,"8":0,"9":0,"10":0,"11":0,"12":6,"13":3,"14":3,"15":0,"16":0,"17":0,"18":0,"19":0,"20":1},"f":{"0":7,"1":0,"2":0,"3":0,"4":6,"5":0,"6":0},"b":{"0":[0,0],"1":[0,0,0,0],"2":[3,3],"3":[6,3,3,3]},"_coverageSchema":"1a1c01bbd47fc00a2c39e90264f33305004495a9","hash":"ab4fe9f6d7fbebba838bc452895732ae48a354e8"}
,"D:\\Especializacion\\Primer_Semestre\\ConstruccionSoftware\\inventory-service\\src\\application\\services\\inventoryService.js": {"path":"D:\\Especializacion\\Primer_Semestre\\ConstruccionSoftware\\inventory-service\\src\\application\\services\\inventoryService.js","statementMap":{"0":{"start":{"line":1,"column":28},"end":{"line":1,"column":84}},"1":{"start":{"line":2,"column":18},"end":{"line":2,"column":60}},"2":{"start":{"line":10,"column":8},"end":{"line":10,"column":61}},"3":{"start":{"line":14,"column":35},"end":{"line":22,"column":56}},"4":{"start":{"line":16,"column":27},"end":{"line":16,"column":29}},"5":{"start":{"line":17,"column":16},"end":{"line":19,"column":19}},"6":{"start":{"line":18,"column":20},"end":{"line":18,"column":62}},"7":{"start":{"line":20,"column":16},"end":{"line":20,"column":28}},"8":{"start":{"line":22,"column":26},"end":{"line":22,"column":45}},"9":{"start":{"line":22,"column":46},"end":{"line":22,"column":54}},"10":{"start":{"line":24,"column":8},"end":{"line":24,"column":34}},"11":{"start":{"line":28,"column":22},"end":{"line":28,"column":27}},"12":{"start":{"line":29,"column":8},"end":{"line":38,"column":9}},"13":{"start":{"line":30,"column":29},"end":{"line":31,"column":71}},"14":{"start":{"line":31,"column":35},"end":{"line":31,"column":70}},"15":{"start":{"line":32,"column":34},"end":{"line":32,"column":87}},"16":{"start":{"line":33,"column":12},"end":{"line":37,"column":19}},"17":{"start":{"line":35,"column":20},"end":{"line":35,"column":35}},"18":{"start":{"line":36,"column":20},"end":{"line":36,"column":54}},"19":{"start":{"line":39,"column":8},"end":{"line":39,"column":23}},"20":{"start":{"line":43,"column":8},"end":{"line":43,"column":97}},"21":{"start":{"line":48,"column":0},"end":{"line":48,"column":34}}},"fnMap":{"0":{"name":"(anonymous_0)","decl":{"start":{"line":9,"column":4},"end":{"line":9,"column":5}},"loc":{"start":{"line":9,"column":18},"end":{"line":11,"column":5}},"line":9},"1":{"name":"(anonymous_1)","decl":{"start":{"line":13,"column":4},"end":{"line":13,"column":5}},"loc":{"start":{"line":13,"column":51},"end":{"line":25,"column":5}},"line":13},"2":{"name":"(anonymous_2)","decl":{"start":{"line":15,"column":18},"end":{"line":15,"column":19}},"loc":{"start":{"line":15,"column":27},"end":{"line":21,"column":13}},"line":15},"3":{"name":"(anonymous_3)","decl":{"start":{"line":17,"column":30},"end":{"line":17,"column":31}},"loc":{"start":{"line":17,"column":38},"end":{"line":19,"column":17}},"line":17},"4":{"name":"(anonymous_4)","decl":{"start":{"line":22,"column":16},"end":{"line":22,"column":17}},"loc":{"start":{"line":22,"column":25},"end":{"line":22,"column":55}},"line":22},"5":{"name":"(anonymous_5)","decl":{"start":{"line":27,"column":4},"end":{"line":27,"column":5}},"loc":{"start":{"line":27,"column":45},"end":{"line":40,"column":5}},"line":27},"6":{"name":"(anonymous_6)","decl":{"start":{"line":31,"column":22},"end":{"line":31,"column":23}},"loc":{"start":{"line":31,"column":35},"end":{"line":31,"column":70}},"line":31},"7":{"name":"(anonymous_7)","decl":{"start":{"line":34,"column":22},"end":{"line":34,"column":23}},"loc":{"start":{"line":34,"column":35},"end":{"line":37,"column":17}},"line":34},"8":{"name":"(anonymous_8)","decl":{"start":{"line":42,"column":4},"end":{"line":42,"column":5}},"loc":{"start":{"line":42,"column":30},"end":{"line":44,"column":5}},"line":42}},"branchMap":{},"s":{"0":1,"1":1,"2":0,"3":0,"4":0,"5":0,"6":0,"7":0,"8":0,"9":0,"10":0,"11":0,"12":0,"13":0,"14":0,"15":0,"16":0,"17":0,"18":0,"19":0,"20":0,"21":1},"f":{"0":0,"1":0,"2":0,"3":0,"4":0,"5":0,"6":0,"7":0,"8":0},"b":{},"_coverageSchema":"1a1c01bbd47fc00a2c39e90264f33305004495a9","hash":"70b52376b238edf45729925951b0b945184159fb"}
,"D:\\Especializacion\\Primer_Semestre\\ConstruccionSoftware\\inventory-service\\src\\domain\\entities\\inventory.js": {"path":"D:\\Especializacion\\Primer_Semestre\\ConstruccionSoftware\\inventory-service\\src\\domain\\entities\\inventory.js","statementMap":{"0":{"start":{"line":9,"column":8},"end":{"line":9,"column":41}},"1":{"start":{"line":10,"column":8},"end":{"line":10,"column":33}},"2":{"start":{"line":11,"column":8},"end":{"line":11,"column":39}},"3":{"start":{"line":12,"column":8},"end":{"line":12,"column":35}},"4":{"start":{"line":17,"column":0},"end":{"line":17,"column":27}}},"fnMap":{"0":{"name":"(anonymous_0)","decl":{"start":{"line":8,"column":4},"end":{"line":8,"column":5}},"loc":{"start":{"line":8,"column":64},"end":{"line":13,"column":5}},"line":8}},"branchMap":{},"s":{"0":0,"1":0,"2":0,"3":0,"4":1},"f":{"0":0},"b":{},"_coverageSchema":"1a1c01bbd47fc00a2c39e90264f33305004495a9","hash":"5f9fb3420ba06ac5b216851ba584540e236cc90a"}
,"D:\\Especializacion\\Primer_Semestre\\ConstruccionSoftware\\inventory-service\\src\\domain\\repositories\\inventoryRepository.js": {"path":"D:\\Especializacion\\Primer_Semestre\\ConstruccionSoftware\\inventory-service\\src\\domain\\repositories\\inventoryRepository.js","statementMap":{"0":{"start":{"line":1,"column":18},"end":{"line":1,"column":72}},"1":{"start":{"line":6,"column":8},"end":{"line":7,"column":62}},"2":{"start":{"line":11,"column":8},"end":{"line":15,"column":17}},"3":{"start":{"line":19,"column":0},"end":{"line":19,"column":37}}},"fnMap":{"0":{"name":"(anonymous_0)","decl":{"start":{"line":5,"column":4},"end":{"line":5,"column":5}},"loc":{"start":{"line":5,"column":45},"end":{"line":8,"column":5}},"line":5},"1":{"name":"(anonymous_1)","decl":{"start":{"line":10,"column":4},"end":{"line":10,"column":5}},"loc":{"start":{"line":10,"column":44},"end":{"line":16,"column":5}},"line":10}},"branchMap":{},"s":{"0":1,"1":0,"2":0,"3":1},"f":{"0":0,"1":0},"b":{},"_coverageSchema":"1a1c01bbd47fc00a2c39e90264f33305004495a9","hash":"6c93e97b15c0ff26e60e89bbf6af4e57532b3c78"}
,"D:\\Especializacion\\Primer_Semestre\\ConstruccionSoftware\\inventory-service\\src\\infraestructure\\persistence\\Inventory.js": {"path":"D:\\Especializacion\\Primer_Semestre\\ConstruccionSoftware\\inventory-service\\src\\infraestructure\\persistence\\Inventory.js","statementMap":{"0":{"start":{"line":1,"column":26},"end":{"line":1,"column":45}},"1":{"start":{"line":3,"column":24},"end":{"line":8,"column":2}},"2":{"start":{"line":10,"column":18},"end":{"line":10,"column":53}},"3":{"start":{"line":11,"column":0},"end":{"line":11,"column":27}}},"fnMap":{},"branchMap":{},"s":{"0":1,"1":1,"2":1,"3":1},"f":{},"b":{},"_coverageSchema":"1a1c01bbd47fc00a2c39e90264f33305004495a9","hash":"0dfb58c529daf8f28e421d101f13474bf05d9fe5"}
}
